<?xml version="1.0" encoding="UTF-8"?>
<!-- Generated by org.testng.reporters.JUnitReportReporter -->
<testsuite hostname="Sandhu-Laptop" failures="0" tests="2" name="test.Demo1" time="0.014" errors="0" timestamp="2022-10-31T21:26:12 MDT" skipped="0">
  <testcase classname="test.Demo1" name="Demo2" time="0.004"/>
  <system-out/>
  <testcase classname="test.Demo1" name="Demo" time="0.010"/>
  <system-out/>
</testsuite> <!-- test.Demo1 -->
