<?xml version="1.0" encoding="UTF-8"?>
<!-- Generated by org.testng.reporters.JUnitReportReporter -->
<testsuite hostname="Sandhu-Laptop" failures="0" tests="2" name="Demo1" time="0.018" errors="0" timestamp="2022-10-30T19:26:50 MDT" skipped="0">
  <testcase classname="Demo1" name="Demo" time="0.014"/>
  <system-out/>
  <testcase classname="Demo1" name="Demo2" time="0.004"/>
  <system-out/>
</testsuite> <!-- Demo1 -->
