<?xml version="1.0" encoding="UTF-8"?>
<!-- Generated by org.testng.reporters.JUnitReportReporter -->
<testsuite hostname="Sandhu-Laptop" failures="0" tests="1" name="test.Demo2" time="0.005" errors="0" timestamp="2022-10-31T21:26:12 MDT" skipped="0">
  <testcase classname="test.Demo2" name="demo3" time="0.005"/>
  <system-out/>
</testsuite> <!-- test.Demo2 -->
