<?xml version="1.0" encoding="UTF-8"?>
<!-- Generated by org.testng.reporters.JUnitReportReporter -->
<testsuite hostname="Sandhu-Laptop" failures="0" tests="2" name="test.Demo3" time="0.014" errors="0" timestamp="2022-10-31T21:26:12 MDT" skipped="0">
  <testcase classname="test.Demo3" name="Demo5" time="0.011"/>
  <system-out/>
  <testcase classname="test.Demo3" name="Demo4" time="0.003"/>
  <system-out/>
</testsuite> <!-- test.Demo3 -->
